<?xml version="1.0" encoding="UTF-8"?>
<!-- Generated by org.testng.reporters.JUnitReportReporter -->
<testsuite hostname="DESKTOP-KLMO8CO" failures="0" tests="2" name="test.day4" time="0.004" errors="0" timestamp="2024-06-22T15:23:04 IST" skipped="0">
  <testcase classname="test.day4" name="plan" time="0.002"/>
  <testcase classname="test.day4" name="plan1" time="0.002"/>
</testsuite> <!-- test.day4 -->
