<?xml version="1.0" encoding="UTF-8"?>
<!-- Generated by org.testng.reporters.JUnitReportReporter -->
<testsuite hostname="DESKTOP-KLMO8CO" failures="0" tests="1" name="test.day3" time="0.001" errors="0" timestamp="2024-06-22T15:23:04 IST" skipped="0">
  <testcase classname="test.day3" name="WebLoginAPICarLoan" time="0.001"/>
</testsuite> <!-- test.day3 -->
