<?xml version="1.0" encoding="UTF-8"?>
<!-- Generated by org.testng.reporters.JUnitReportReporter -->
<testsuite hostname="DESKTOP-KLMO8CO" failures="0" tests="4" name="test.day1" time="0.012" errors="0" timestamp="2024-06-21T16:45:39 IST" skipped="0">
  <testcase classname="test.day1" name="Demo1" time="0.002"/>
  <testcase classname="test.day1" name="Demo" time="0.007"/>
  <testcase classname="test.day1" name="Test1" time="0.001"/>
  <testcase classname="test.day1" name="Demo2" time="0.002"/>
</testsuite> <!-- test.day1 -->
